#
# There is insufficient memory for the Java Runtime Environment to continue.
# Native memory allocation (malloc) failed to allocate 2097152 bytes for AllocateHeap
# Possible reasons:
#   The system is out of physical RAM or swap space
#   The process is running with CompressedOops enabled, and the Java Heap may be blocking the growth of the native heap
# Possible solutions:
#   Reduce memory load on the system
#   Increase physical memory or swap space
#   Check if swap backing store is full
#   Decrease Java heap size (-Xmx/-Xms)
#   Decrease number of Java threads
#   Decrease Java thread stack sizes (-Xss)
#   Set larger code cache with -XX:ReservedCodeCacheSize=
#   JVM is running with Zero Based Compressed Oops mode in which the Java heap is
#     placed in the first 32GB address space. The Java Heap base address is the
#     maximum limit for the native heap growth. Please use -XX:HeapBaseMinAddress
#     to set the Java Heap base and to place the Java Heap above 32GB virtual address.
# This output file may be truncated or incomplete.
#
#  Out of Memory Error (allocation.cpp:44), pid=35276, tid=36760
#
# JRE version: Java(TM) SE Runtime Environment (21.0.1+12) (build 21.0.1+12-LTS-29)
# Java VM: Java HotSpot(TM) 64-Bit Server VM (21.0.1+12-LTS-29, mixed mode, emulated-client, sharing, tiered, compressed oops, compressed class ptrs, g1 gc, windows-amd64)
# No core dump will be written. Minidumps are not enabled by default on client versions of Windows
#

---------------  S U M M A R Y ------------

Command Line: -XX:TieredStopAtLevel=1 -Dspring.output.ansi.enabled=always -Dcom.sun.management.jmxremote -Dspring.jmx.enabled=true -Dspring.liveBeansView.mbeanDomain -Dspring.application.admin.enabled=true -Dmanagement.endpoints.jmx.exposure.include=* -javaagent:C:\Program Files\JetBrains\IntelliJ IDEA 2024.2.3\lib\idea_rt.jar=52972:C:\Program Files\JetBrains\IntelliJ IDEA 2024.2.3\bin -Dfile.encoding=UTF-8 -Dsun.stdout.encoding=UTF-8 -Dsun.stderr.encoding=UTF-8 org.gp.civiceye.CiviceyeApplication

Host: Intel(R) Core(TM) i5-8400H CPU @ 2.50GHz, 8 cores, 15G,  Windows 11 , 64 bit Build 26100 (10.0.26100.3775)
Time: Thu Apr 10 05:49:00 2025 Egypt Standard Time elapsed time: 6005.952297 seconds (0d 1h 40m 5s)

---------------  T H R E A D  ---------------

Current thread (0x000001baa285a320):  VMThread "VM Thread"          [id=36760, stack(0x000000a0b3d00000,0x000000a0b3e00000) (1024K)]

Stack: [0x000000a0b3d00000,0x000000a0b3e00000]
Native frames: (J=compiled Java code, j=interpreted, Vv=VM code, C=native code)
V  [jvm.dll+0x6c9029]
V  [jvm.dll+0x854b81]
V  [jvm.dll+0x856e5e]
V  [jvm.dll+0x857543]
V  [jvm.dll+0x280c06]
V  [jvm.dll+0xbea87]
V  [jvm.dll+0x34639e]
V  [jvm.dll+0x340bfe]
V  [jvm.dll+0x328cc8]
V  [jvm.dll+0x36bae4]
V  [jvm.dll+0x85d048]
V  [jvm.dll+0x85e144]
V  [jvm.dll+0x85e680]
V  [jvm.dll+0x85e923]
V  [jvm.dll+0x7fd728]
V  [jvm.dll+0x6c777d]
C  [ucrtbase.dll+0x37b0]
C  [KERNEL32.DLL+0x2e8d7]
C  [ntdll.dll+0xb14fc]

VM_Operation (0x000000a0b34ff350): G1CollectFull, mode: safepoint, requested by thread 0x000001baeb105130


---------------  P R O C E S S  ---------------

Threads class SMR info:
_java_thread_list=0x000001baeb896d10, length=18, elements={
0x000001baa287bc80, 0x000001baa287c8e0, 0x000001baa2881380, 0x000001baa2884280,
0x000001baa2887a10, 0x000001bae80085c0, 0x000001baa288e8f0, 0x000001baa2847230,
0x000001bae86f14b0, 0x000001bae8a070f0, 0x000001bae8a88510, 0x000001baeb100f90,
0x000001baeb100900, 0x000001baec2d5c00, 0x000001baec2d6fb0, 0x000001baec591430,
0x000001baeb105130, 0x000001baeb1036f0
}

Java Threads: ( => current thread )
  0x000001baa287bc80 JavaThread "Reference Handler"          daemon [_thread_blocked, id=3136, stack(0x000000a0b3e00000,0x000000a0b3f00000) (1024K)]
  0x000001baa287c8e0 JavaThread "Finalizer"                  daemon [_thread_blocked, id=496, stack(0x000000a0b3f00000,0x000000a0b4000000) (1024K)]
  0x000001baa2881380 JavaThread "Signal Dispatcher"          daemon [_thread_blocked, id=29156, stack(0x000000a0b4000000,0x000000a0b4100000) (1024K)]
  0x000001baa2884280 JavaThread "Attach Listener"            daemon [_thread_blocked, id=34016, stack(0x000000a0b4100000,0x000000a0b4200000) (1024K)]
  0x000001baa2887a10 JavaThread "Service Thread"             daemon [_thread_blocked, id=30236, stack(0x000000a0b4200000,0x000000a0b4300000) (1024K)]
  0x000001bae80085c0 JavaThread "Monitor Deflation Thread"   daemon [_thread_blocked, id=28324, stack(0x000000a0b4300000,0x000000a0b4400000) (1024K)]
  0x000001baa288e8f0 JavaThread "C1 CompilerThread0"         daemon [_thread_blocked, id=9220, stack(0x000000a0b4400000,0x000000a0b4500000) (1024K)]
  0x000001baa2847230 JavaThread "Common-Cleaner"             daemon [_thread_blocked, id=38580, stack(0x000000a0b4500000,0x000000a0b4600000) (1024K)]
  0x000001bae86f14b0 JavaThread "Notification Thread"        daemon [_thread_blocked, id=33688, stack(0x000000a0b4a00000,0x000000a0b4b00000) (1024K)]
  0x000001bae8a070f0 JavaThread "RMI TCP Accept-0"           daemon [_thread_in_native, id=32784, stack(0x000000a0b4b00000,0x000000a0b4c00000) (1024K)]
  0x000001bae8a88510 JavaThread "RMI Scheduler(0)"           daemon [_thread_blocked, id=1880, stack(0x000000a0b4d00000,0x000000a0b4e00000) (1024K)]
  0x000001baeb100f90 JavaThread "PostgreSQL-JDBC-Cleaner"    daemon [_thread_blocked, id=28880, stack(0x000000a0b5e00000,0x000000a0b5f00000) (1024K)]
  0x000001baeb100900 JavaThread "Live Reload Server"         daemon [_thread_in_native, id=28856, stack(0x000000a0b6100000,0x000000a0b6200000) (1024K)]
  0x000001baec2d5c00 JavaThread "DestroyJavaVM"                     [_thread_blocked, id=35880, stack(0x000000a0b3600000,0x000000a0b3700000) (1024K)]
  0x000001baec2d6fb0 JavaThread "parallel-1"                 daemon [_thread_blocked, id=28444, stack(0x000000a0b4800000,0x000000a0b4900000) (1024K)]
  0x000001baec591430 JavaThread "parallel-2"                 daemon [_thread_blocked, id=7960, stack(0x000000a0b4600000,0x000000a0b4700000) (1024K)]
  0x000001baeb105130 JavaThread "Thread-11"                         [_thread_blocked, id=35800, stack(0x000000a0b3400000,0x000000a0b3500000) (1024K)]
  0x000001baeb1036f0 JavaThread "parallel-3"                 daemon [_thread_blocked, id=37572, stack(0x000000a0b4900000,0x000000a0b4a00000) (1024K)]
Total: 18

Other Threads:
=>0x000001baa285a320 VMThread "VM Thread"                           [id=36760, stack(0x000000a0b3d00000,0x000000a0b3e00000) (1024K)]
  0x000001baa2842b60 WatcherThread "VM Periodic Task Thread"        [id=31596, stack(0x000000a0b3c00000,0x000000a0b3d00000) (1024K)]
  0x000001ba8f8564e0 WorkerThread "GC Thread#0"                     [id=19084, stack(0x000000a0b3700000,0x000000a0b3800000) (1024K)]
  0x000001bae8a8c040 WorkerThread "GC Thread#1"                     [id=6044, stack(0x000000a0b4e00000,0x000000a0b4f00000) (1024K)]
  0x000001bae8a8c3e0 WorkerThread "GC Thread#2"                     [id=27156, stack(0x000000a0b4f00000,0x000000a0b5000000) (1024K)]
  0x000001bae8a8cfa0 WorkerThread "GC Thread#3"                     [id=6968, stack(0x000000a0b5000000,0x000000a0b5100000) (1024K)]
  0x000001bae8a9a150 WorkerThread "GC Thread#4"                     [id=35912, stack(0x000000a0b5100000,0x000000a0b5200000) (1024K)]
  0x000001bae8a9a970 WorkerThread "GC Thread#5"                     [id=33972, stack(0x000000a0b5200000,0x000000a0b5300000) (1024K)]
  0x000001bae8ad4840 WorkerThread "GC Thread#6"                     [id=34900, stack(0x000000a0b5300000,0x000000a0b5400000) (1024K)]
  0x000001bae8ad4be0 WorkerThread "GC Thread#7"                     [id=35768, stack(0x000000a0b5400000,0x000000a0b5500000) (1024K)]
  0x000001ba8f867ea0 ConcurrentGCThread "G1 Main Marker"            [id=30040, stack(0x000000a0b3800000,0x000000a0b3900000) (1024K)]
  0x000001ba8f869050 WorkerThread "G1 Conc#0"                       [id=28644, stack(0x000000a0b3900000,0x000000a0b3a00000) (1024K)]
  0x000001bae94e5e70 WorkerThread "G1 Conc#1"                       [id=30852, stack(0x000000a0b5900000,0x000000a0b5a00000) (1024K)]
  0x000001baa27187e0 ConcurrentGCThread "G1 Refine#0"               [id=6924, stack(0x000000a0b3a00000,0x000000a0b3b00000) (1024K)]
  0x000001baa2719160 ConcurrentGCThread "G1 Service"                [id=28240, stack(0x000000a0b3b00000,0x000000a0b3c00000) (1024K)]
Total: 15

Threads with active compile tasks:
Total: 0

VM state: at safepoint (normal execution)

VM Mutex/Monitor currently owned by a thread:  ([mutex/lock_event])
[0x00007fff7bdba5f8] Threads_lock - owner thread: 0x000001baa285a320
[0x00007fff7bdba6f8] Heap_lock - owner thread: 0x000001baeb105130

Heap address: 0x0000000703a00000, size: 4038 MB, Compressed Oops mode: Zero based, Oop shift amount: 3

CDS archive(s) mapped at: [0x000001baa3000000-0x000001baa3c90000-0x000001baa3c90000), size 13172736, SharedBaseAddress: 0x000001baa3000000, ArchiveRelocationMode: 1.
Compressed class space mapped at: 0x000001baa4000000-0x000001bae4000000, reserved size: 1073741824
Narrow klass base: 0x000001baa3000000, Narrow klass shift: 0, Narrow klass range: 0x100000000

GC Precious Log:
 CardTable entry size: 512
 Card Set container configuration: InlinePtr #cards 4 size 8 Array Of Cards #cards 16 size 48 Howl #buckets 8 coarsen threshold 3686 Howl Bitmap #cards 512 size 80 coarsen threshold 460 Card regions per heap region 1 cards per card region 4096
 CPUs: 8 total, 8 available
 Memory: 16144M
 Large Page Support: Disabled
 NUMA Support: Disabled
 Compressed Oops: Enabled (Zero based)
 Heap Region Size: 2M
 Heap Min Capacity: 8M
 Heap Initial Capacity: 254M
 Heap Max Capacity: 4038M
 Pre-touch: Disabled
 Parallel Workers: 8
 Concurrent Workers: 2
 Concurrent Refinement Workers: 8
 Periodic GC: Disabled

Heap:
 garbage-first heap   total 90112K, used 49374K [0x0000000703a00000, 0x0000000800000000)
  region size 2048K, 8 young (16384K), 2 survivors (4096K)
 Metaspace       used 79211K, committed 80320K, reserved 1179648K
  class space    used 11178K, committed 11648K, reserved 1048576K

Heap Regions: E=young(eden), S=young(survivor), O=old, HS=humongous(starts), HC=humongous(continues), CS=collection set, F=free, TAMS=top-at-mark-start, PB=parsable bottom
|   0|0x0000000703a00000, 0x0000000703c00000, 0x0000000703c00000|100%| O|  |TAMS 0x0000000703a00000| PB 0x0000000703a00000| Untracked 
|   1|0x0000000703c00000, 0x0000000703dffe40, 0x0000000703e00000| 99%| O|  |TAMS 0x0000000703c00000| PB 0x0000000703c00000| Untracked 
|   2|0x0000000703e00000, 0x0000000703ffffe0, 0x0000000704000000| 99%| O|  |TAMS 0x0000000703e00000| PB 0x0000000703e00000| Untracked 
|   3|0x0000000704000000, 0x00000007041fe370, 0x0000000704200000| 99%| O|  |TAMS 0x0000000704000000| PB 0x0000000704000000| Untracked 
|   4|0x0000000704200000, 0x00000007043ffff0, 0x0000000704400000| 99%| O|  |TAMS 0x0000000704200000| PB 0x0000000704200000| Untracked 
|   5|0x0000000704400000, 0x00000007045fffc8, 0x0000000704600000| 99%| O|  |TAMS 0x0000000704400000| PB 0x0000000704400000| Untracked 
|   6|0x0000000704600000, 0x00000007047fff88, 0x0000000704800000| 99%| O|  |TAMS 0x0000000704600000| PB 0x0000000704600000| Untracked 
|   7|0x0000000704800000, 0x00000007049fffe8, 0x0000000704a00000| 99%| O|  |TAMS 0x0000000704800000| PB 0x0000000704800000| Untracked 
|   8|0x0000000704a00000, 0x0000000704bffff8, 0x0000000704c00000| 99%| O|Cm|TAMS 0x0000000704a00000| PB 0x0000000704a00000| Complete 
|   9|0x0000000704c00000, 0x0000000704defe40, 0x0000000704e00000| 96%| O|  |TAMS 0x0000000704c00000| PB 0x0000000704c00000| Untracked 
|  10|0x0000000704e00000, 0x0000000704fffff0, 0x0000000705000000| 99%| O|  |TAMS 0x0000000704e00000| PB 0x0000000704e00000| Untracked 
|  11|0x0000000705000000, 0x0000000705199640, 0x0000000705200000| 79%| O|Cm|TAMS 0x0000000705000000| PB 0x0000000705000000| Complete 
|  12|0x0000000705200000, 0x0000000705273240, 0x0000000705400000| 22%| O|Cm|TAMS 0x0000000705200000| PB 0x0000000705200000| Complete 
|  13|0x0000000705400000, 0x00000007055ffff0, 0x0000000705600000| 99%| O|  |TAMS 0x0000000705400000| PB 0x0000000705400000| Untracked 
|  14|0x0000000705600000, 0x00000007057fffa8, 0x0000000705800000| 99%| O|  |TAMS 0x0000000705600000| PB 0x0000000705600000| Untracked 
|  15|0x0000000705800000, 0x0000000705a00000, 0x0000000705a00000|100%| O|  |TAMS 0x0000000705800000| PB 0x0000000705800000| Untracked 
|  16|0x0000000705a00000, 0x0000000705c00000, 0x0000000705c00000|100%| O|  |TAMS 0x0000000705a00000| PB 0x0000000705a00000| Untracked 
|  17|0x0000000705c00000, 0x0000000705c634e0, 0x0000000705e00000| 19%| O|  |TAMS 0x0000000705c00000| PB 0x0000000705c00000| Untracked 
|  18|0x0000000705e00000, 0x0000000705ea8d58, 0x0000000706000000| 32%| O|Cm|TAMS 0x0000000705e00000| PB 0x0000000705e00000| Complete 
|  19|0x0000000706000000, 0x0000000706200000, 0x0000000706200000|100%| O|  |TAMS 0x0000000706000000| PB 0x0000000706000000| Untracked 
|  20|0x0000000706200000, 0x0000000706200000, 0x0000000706400000|  0%| F|  |TAMS 0x0000000706200000| PB 0x0000000706200000| Untracked 
|  21|0x0000000706400000, 0x0000000706400000, 0x0000000706600000|  0%| F|  |TAMS 0x0000000706400000| PB 0x0000000706400000| Untracked 
|  22|0x0000000706600000, 0x0000000706600000, 0x0000000706800000|  0%| F|  |TAMS 0x0000000706600000| PB 0x0000000706600000| Untracked 
|  23|0x0000000706800000, 0x0000000706800000, 0x0000000706a00000|  0%| F|  |TAMS 0x0000000706800000| PB 0x0000000706800000| Untracked 
|  24|0x0000000706a00000, 0x0000000706a00000, 0x0000000706c00000|  0%| F|  |TAMS 0x0000000706a00000| PB 0x0000000706a00000| Untracked 
|  25|0x0000000706c00000, 0x0000000706c00000, 0x0000000706e00000|  0%| F|  |TAMS 0x0000000706c00000| PB 0x0000000706c00000| Untracked 
|  26|0x0000000706e00000, 0x0000000706f312a0, 0x0000000707000000| 59%| S|CS|TAMS 0x0000000706e00000| PB 0x0000000706e00000| Complete 
|  27|0x0000000707000000, 0x0000000707200000, 0x0000000707200000|100%| S|CS|TAMS 0x0000000707000000| PB 0x0000000707000000| Complete 
|  28|0x0000000707200000, 0x0000000707200000, 0x0000000707400000|  0%| F|  |TAMS 0x0000000707200000| PB 0x0000000707200000| Untracked 
|  29|0x0000000707400000, 0x0000000707400000, 0x0000000707600000|  0%| F|  |TAMS 0x0000000707400000| PB 0x0000000707400000| Untracked 
|  30|0x0000000707600000, 0x0000000707600000, 0x0000000707800000|  0%| F|  |TAMS 0x0000000707600000| PB 0x0000000707600000| Untracked 
|  31|0x0000000707800000, 0x0000000707800000, 0x0000000707a00000|  0%| F|  |TAMS 0x0000000707800000| PB 0x0000000707800000| Untracked 
|  32|0x0000000707a00000, 0x0000000707a00000, 0x0000000707c00000|  0%| F|  |TAMS 0x0000000707a00000| PB 0x0000000707a00000| Untracked 
|  33|0x0000000707c00000, 0x0000000707c00000, 0x0000000707e00000|  0%| F|  |TAMS 0x0000000707c00000| PB 0x0000000707c00000| Untracked 
|  34|0x0000000707e00000, 0x0000000707e00000, 0x0000000708000000|  0%| F|  |TAMS 0x0000000707e00000| PB 0x0000000707e00000| Untracked 
|  35|0x0000000708000000, 0x0000000708000000, 0x0000000708200000|  0%| F|  |TAMS 0x0000000708000000| PB 0x0000000708000000| Untracked 
|  36|0x0000000708200000, 0x0000000708200000, 0x0000000708400000|  0%| F|  |TAMS 0x0000000708200000| PB 0x0000000708200000| Untracked 
|  37|0x0000000708400000, 0x0000000708400000, 0x0000000708600000|  0%| F|  |TAMS 0x0000000708400000| PB 0x0000000708400000| Untracked 
|  38|0x0000000708600000, 0x0000000708800000, 0x0000000708800000|100%| E|  |TAMS 0x0000000708600000| PB 0x0000000708600000| Complete 
|  39|0x0000000708800000, 0x0000000708a00000, 0x0000000708a00000|100%| E|CS|TAMS 0x0000000708800000| PB 0x0000000708800000| Complete 
|  40|0x0000000708a00000, 0x0000000708c00000, 0x0000000708c00000|100%| E|CS|TAMS 0x0000000708a00000| PB 0x0000000708a00000| Complete 
|  41|0x0000000708c00000, 0x0000000708e00000, 0x0000000708e00000|100%| E|CS|TAMS 0x0000000708c00000| PB 0x0000000708c00000| Complete 
|  42|0x0000000708e00000, 0x0000000709000000, 0x0000000709000000|100%| E|CS|TAMS 0x0000000708e00000| PB 0x0000000708e00000| Complete 
|  43|0x0000000709000000, 0x0000000709200000, 0x0000000709200000|100%| E|CS|TAMS 0x0000000709000000| PB 0x0000000709000000| Complete 

Card table byte_map: [0x000001ba9bcd0000,0x000001ba9c4c0000] _byte_map_base: 0x000001ba984b3000

Marking Bits: (CMBitMap*) 0x000001ba8f856af0
 Bits: [0x000001ba9c4c0000, 0x000001baa03d8000)

Polling page: 0x000001ba8df00000

Metaspace:

Usage:
  Non-class:     66.44 MB used.
      Class:     10.92 MB used.
       Both:     77.35 MB used.

Virtual space:
  Non-class space:      128.00 MB reserved,      67.06 MB ( 52%) committed,  2 nodes.
      Class space:        1.00 GB reserved,      11.38 MB (  1%) committed,  1 nodes.
             Both:        1.12 GB reserved,      78.44 MB (  7%) committed. 

Chunk freelists:
   Non-Class:  13.13 MB
       Class:  4.79 MB
        Both:  17.92 MB

MaxMetaspaceSize: unlimited
CompressedClassSpaceSize: 1.00 GB
Initial GC threshold: 21.00 MB
Current GC threshold: 130.75 MB
CDS: on
 - commit_granule_bytes: 65536.
 - commit_granule_words: 8192.
 - virtual_space_node_default_size: 8388608.
 - enlarge_chunks_in_place: 1.
 - use_allocation_guard: 0.


Internal statistics:

num_allocs_failed_limit: 11.
num_arena_births: 1778.
num_arena_deaths: 912.
num_vsnodes_births: 3.
num_vsnodes_deaths: 0.
num_space_committed: 1255.
num_space_uncommitted: 0.
num_chunks_returned_to_freelist: 1084.
num_chunks_taken_from_freelist: 5017.
num_chunk_merges: 246.
num_chunk_splits: 3173.
num_chunks_enlarged: 2362.
num_inconsistent_stats: 0.

CodeCache: size=49152Kb used=15339Kb max_used=17098Kb free=33812Kb
 bounds [0x000001ba97c50000, 0x000001ba98d80000, 0x000001ba9ac50000]
 total_blobs=8878 nmethods=8139 adapters=662
 compilation: enabled
              stopped_count=0, restarted_count=0
 full_count=0

Compilation events (20 events):
Event: 6002.976 Thread 0x000001baa288e8f0 14680       1       java.util.concurrent.atomic.AtomicInteger::getAndIncrement (12 bytes)
Event: 6002.976 Thread 0x000001baa288e8f0 nmethod 14680 0x000001ba97e78b10 code [0x000001ba97e78ca0, 0x000001ba97e78d78]
Event: 6003.558 Thread 0x000001baa288e8f0 14681       1       java.net.Socket$SocketInputStream::available (8 bytes)
Event: 6003.558 Thread 0x000001baa288e8f0 nmethod 14681 0x000001ba97f8d990 code [0x000001ba97f8db40, 0x000001ba97f8dc38]
Event: 6003.558 Thread 0x000001baa288e8f0 14682       1       sun.nio.ch.NioSocketImpl$1::available (8 bytes)
Event: 6003.558 Thread 0x000001baa288e8f0 nmethod 14682 0x000001ba97fa5210 code [0x000001ba97fa53c0, 0x000001ba97fa54b0]
Event: 6003.558 Thread 0x000001baa288e8f0 14683   !   1       sun.nio.ch.NioSocketImpl::available (37 bytes)
Event: 6003.558 Thread 0x000001baa288e8f0 nmethod 14683 0x000001ba97e2c510 code [0x000001ba97e2c6e0, 0x000001ba97e2c968]
Event: 6003.954 Thread 0x000001baa288e8f0 14684       1       java.lang.StringCoding::implEncodeAsciiArray (47 bytes)
Event: 6003.954 Thread 0x000001baa288e8f0 nmethod 14684 0x000001ba97eadf90 code [0x000001ba97eae140, 0x000001ba97eae278]
Event: 6004.147 Thread 0x000001baa288e8f0 14685       1       org.postgresql.util.LazyCleaner$Node::access$100 (5 bytes)
Event: 6004.147 Thread 0x000001baa288e8f0 nmethod 14685 0x000001ba97e9bc10 code [0x000001ba97e9bda0, 0x000001ba97e9be50]
Event: 6004.349 Thread 0x000001baa288e8f0 14686       1       java.net.Socket::getAndBitwiseOrState (9 bytes)
Event: 6004.350 Thread 0x000001baa288e8f0 nmethod 14686 0x000001ba97e5ba90 code [0x000001ba97e5bc40, 0x000001ba97e5be70]
Event: 6004.350 Thread 0x000001baa288e8f0 14687       1       java.lang.invoke.VarHandleInts$FieldInstanceReadWrite::getAndBitwiseOr (28 bytes)
Event: 6004.350 Thread 0x000001baa288e8f0 nmethod 14687 0x000001ba980e4b90 code [0x000001ba980e4d60, 0x000001ba980e5080]
Event: 6004.350 Thread 0x000001baa288e8f0 14688       1       jdk.internal.misc.Unsafe::getAndBitwiseOrInt (27 bytes)
Event: 6004.350 Thread 0x000001baa288e8f0 nmethod 14688 0x000001ba97ff8f10 code [0x000001ba97ff90a0, 0x000001ba97ff91a8]
Event: 6004.950 Thread 0x000001baa288e8f0 14689       1       java.util.concurrent.locks.ReentrantReadWriteLock$NonfairSync::writerShouldBlock (2 bytes)
Event: 6004.950 Thread 0x000001baa288e8f0 nmethod 14689 0x000001ba97efe610 code [0x000001ba97efe7a0, 0x000001ba97efe868]

GC Heap History (20 events):
Event: 5446.459 GC heap after
{Heap after GC invocations=36 (full 0):
 garbage-first heap   total 96256K, used 32085K [0x0000000703a00000, 0x0000000800000000)
  region size 2048K, 2 young (4096K), 2 survivors (4096K)
 Metaspace       used 75091K, committed 76288K, reserved 1114112K
  class space    used 10649K, committed 11072K, reserved 1048576K
}
Event: 5646.220 GC heap before
{Heap before GC invocations=36 (full 0):
 garbage-first heap   total 96256K, used 58709K [0x0000000703a00000, 0x0000000800000000)
  region size 2048K, 16 young (32768K), 2 survivors (4096K)
 Metaspace       used 75352K, committed 76288K, reserved 1114112K
  class space    used 10723K, committed 11072K, reserved 1048576K
}
Event: 5646.268 GC heap after
{Heap after GC invocations=37 (full 1):
 garbage-first heap   total 90112K, used 24073K [0x0000000703a00000, 0x0000000800000000)
  region size 2048K, 0 young (0K), 0 survivors (0K)
 Metaspace       used 75241K, committed 76288K, reserved 1114112K
  class space    used 10699K, committed 11072K, reserved 1048576K
}
Event: 5647.379 GC heap before
{Heap before GC invocations=37 (full 1):
 garbage-first heap   total 90112K, used 77321K [0x0000000703a00000, 0x0000000800000000)
  region size 2048K, 26 young (53248K), 0 survivors (0K)
 Metaspace       used 76066K, committed 76672K, reserved 1179648K
  class space    used 10836K, committed 11072K, reserved 1048576K
}
Event: 5647.384 GC heap after
{Heap after GC invocations=38 (full 1):
 garbage-first heap   total 90112K, used 29885K [0x0000000703a00000, 0x0000000800000000)
  region size 2048K, 3 young (6144K), 3 survivors (6144K)
 Metaspace       used 76066K, committed 76672K, reserved 1179648K
  class space    used 10836K, committed 11072K, reserved 1048576K
}
Event: 5678.875 GC heap before
{Heap before GC invocations=39 (full 1):
 garbage-first heap   total 90112K, used 74941K [0x0000000703a00000, 0x0000000800000000)
  region size 2048K, 25 young (51200K), 3 survivors (6144K)
 Metaspace       used 76405K, committed 77056K, reserved 1179648K
  class space    used 10898K, committed 11200K, reserved 1048576K
}
Event: 5678.881 GC heap after
{Heap after GC invocations=40 (full 1):
 garbage-first heap   total 90112K, used 33209K [0x0000000703a00000, 0x0000000800000000)
  region size 2048K, 2 young (4096K), 2 survivors (4096K)
 Metaspace       used 76405K, committed 77056K, reserved 1179648K
  class space    used 10898K, committed 11200K, reserved 1048576K
}
Event: 5682.715 GC heap before
{Heap before GC invocations=40 (full 1):
 garbage-first heap   total 90112K, used 76217K [0x0000000703a00000, 0x0000000800000000)
  region size 2048K, 23 young (47104K), 2 survivors (4096K)
 Metaspace       used 78165K, committed 78912K, reserved 1179648K
  class space    used 11097K, committed 11456K, reserved 1048576K
}
Event: 5682.722 GC heap after
{Heap after GC invocations=41 (full 1):
 garbage-first heap   total 90112K, used 38070K [0x0000000703a00000, 0x0000000800000000)
  region size 2048K, 3 young (6144K), 3 survivors (6144K)
 Metaspace       used 78165K, committed 78912K, reserved 1179648K
  class space    used 11097K, committed 11456K, reserved 1048576K
}
Event: 5691.567 GC heap before
{Heap before GC invocations=41 (full 1):
 garbage-first heap   total 90112K, used 50358K [0x0000000703a00000, 0x0000000800000000)
  region size 2048K, 10 young (20480K), 3 survivors (6144K)
 Metaspace       used 78516K, committed 79424K, reserved 1179648K
  class space    used 11145K, committed 11584K, reserved 1048576K
}
Event: 5691.625 GC heap after
{Heap after GC invocations=42 (full 2):
 garbage-first heap   total 90112K, used 29434K [0x0000000703a00000, 0x0000000800000000)
  region size 2048K, 0 young (0K), 0 survivors (0K)
 Metaspace       used 78447K, committed 79424K, reserved 1179648K
  class space    used 11128K, committed 11584K, reserved 1048576K
}
Event: 5692.669 GC heap before
{Heap before GC invocations=42 (full 2):
 garbage-first heap   total 90112K, used 72442K [0x0000000703a00000, 0x0000000800000000)
  region size 2048K, 22 young (45056K), 0 survivors (0K)
 Metaspace       used 78774K, committed 79616K, reserved 1179648K
  class space    used 11183K, committed 11584K, reserved 1048576K
}
Event: 5692.672 GC heap after
{Heap after GC invocations=43 (full 2):
 garbage-first heap   total 90112K, used 33530K [0x0000000703a00000, 0x0000000800000000)
  region size 2048K, 2 young (4096K), 2 survivors (4096K)
 Metaspace       used 78774K, committed 79616K, reserved 1179648K
  class space    used 11183K, committed 11584K, reserved 1048576K
}
Event: 5700.402 GC heap before
{Heap before GC invocations=44 (full 2):
 garbage-first heap   total 90112K, used 74490K [0x0000000703a00000, 0x0000000800000000)
  region size 2048K, 22 young (45056K), 2 survivors (4096K)
 Metaspace       used 78957K, committed 79744K, reserved 1179648K
  class space    used 11209K, committed 11584K, reserved 1048576K
}
Event: 5700.406 GC heap after
{Heap after GC invocations=45 (full 2):
 garbage-first heap   total 90112K, used 36076K [0x0000000703a00000, 0x0000000800000000)
  region size 2048K, 2 young (4096K), 2 survivors (4096K)
 Metaspace       used 78957K, committed 79744K, reserved 1179648K
  class space    used 11209K, committed 11584K, reserved 1048576K
}
Event: 5730.205 GC heap before
{Heap before GC invocations=45 (full 2):
 garbage-first heap   total 90112K, used 72940K [0x0000000703a00000, 0x0000000800000000)
  region size 2048K, 20 young (40960K), 2 survivors (4096K)
 Metaspace       used 79439K, committed 80256K, reserved 1179648K
  class space    used 11244K, committed 11648K, reserved 1048576K
}
Event: 5730.208 GC heap after
{Heap after GC invocations=46 (full 2):
 garbage-first heap   total 90112K, used 39129K [0x0000000703a00000, 0x0000000800000000)
  region size 2048K, 3 young (6144K), 3 survivors (6144K)
 Metaspace       used 79439K, committed 80256K, reserved 1179648K
  class space    used 11244K, committed 11648K, reserved 1048576K
}
Event: 5911.943 GC heap before
{Heap before GC invocations=46 (full 2):
 garbage-first heap   total 90112K, used 71897K [0x0000000703a00000, 0x0000000800000000)
  region size 2048K, 19 young (38912K), 3 survivors (6144K)
 Metaspace       used 79472K, committed 80320K, reserved 1179648K
  class space    used 11247K, committed 11648K, reserved 1048576K
}
Event: 5911.946 GC heap after
{Heap after GC invocations=47 (full 2):
 garbage-first heap   total 90112K, used 39134K [0x0000000703a00000, 0x0000000800000000)
  region size 2048K, 2 young (4096K), 2 survivors (4096K)
 Metaspace       used 79472K, committed 80320K, reserved 1179648K
  class space    used 11247K, committed 11648K, reserved 1048576K
}
Event: 6004.950 GC heap before
{Heap before GC invocations=48 (full 2):
 garbage-first heap   total 90112K, used 49374K [0x0000000703a00000, 0x0000000800000000)
  region size 2048K, 8 young (16384K), 2 survivors (4096K)
 Metaspace       used 79211K, committed 80320K, reserved 1179648K
  class space    used 11178K, committed 11648K, reserved 1048576K
}

Dll operation events (13 events):
Event: 0.013 Loaded shared library C:\Program Files\Java\jdk-21\bin\java.dll
Event: 0.186 Loaded shared library C:\Program Files\Java\jdk-21\bin\zip.dll
Event: 0.190 Loaded shared library C:\Program Files\Java\jdk-21\bin\instrument.dll
Event: 0.195 Loaded shared library C:\Program Files\Java\jdk-21\bin\net.dll
Event: 0.198 Loaded shared library C:\Program Files\Java\jdk-21\bin\nio.dll
Event: 0.202 Loaded shared library C:\Program Files\Java\jdk-21\bin\zip.dll
Event: 0.277 Loaded shared library C:\Program Files\Java\jdk-21\bin\jimage.dll
Event: 0.332 Loaded shared library C:\Program Files\JetBrains\IntelliJ IDEA 2024.2.3\bin\breakgen64.dll
Event: 0.342 Loaded shared library C:\Program Files\Java\jdk-21\bin\extnet.dll
Event: 0.350 Loaded shared library C:\Program Files\Java\jdk-21\bin\management.dll
Event: 0.361 Loaded shared library C:\Program Files\Java\jdk-21\bin\management_ext.dll
Event: 1.528 Loaded shared library C:\Program Files\Java\jdk-21\bin\sunmscapi.dll
Event: 3.151 Loaded shared library C:\Program Files\Java\jdk-21\bin\verify.dll

Deoptimization events (18 events):
Event: 0.474 Thread 0x000001baa2884280 DEOPT PACKING pc=0x000001ba980621dd sp=0x000000a0b41fd250
Event: 0.474 Thread 0x000001baa2884280 DEOPT UNPACKING pc=0x000001ba97ca4e42 sp=0x000000a0b41fc700 mode 3
Event: 0.484 Thread 0x000001baa2884280 DEOPT PACKING pc=0x000001ba98079e60 sp=0x000000a0b41fd150
Event: 0.484 Thread 0x000001baa2884280 DEOPT UNPACKING pc=0x000001ba97ca4e42 sp=0x000000a0b41fc608 mode 3
Event: 1.347 Thread 0x000001bae92f94b0 DEOPT PACKING pc=0x000001ba982e7fe1 sp=0x000000a0b57fd040
Event: 1.347 Thread 0x000001bae92f94b0 DEOPT UNPACKING pc=0x000001ba97ca4e42 sp=0x000000a0b57fc520 mode 3
Event: 2.408 Thread 0x000001bae92f94b0 DEOPT PACKING pc=0x000001ba98598061 sp=0x000000a0b57fda00
Event: 2.408 Thread 0x000001bae92f94b0 DEOPT UNPACKING pc=0x000001ba97ca4e42 sp=0x000000a0b57fcee0 mode 3
Event: 2.502 Thread 0x000001bae92f94b0 DEOPT PACKING pc=0x000001ba984bcb1c sp=0x000000a0b57fbca0
Event: 2.502 Thread 0x000001bae92f94b0 DEOPT UNPACKING pc=0x000001ba97ca4e42 sp=0x000000a0b57fb158 mode 0
Event: 5646.455 Thread 0x000001baeb0ff550 DEOPT PACKING pc=0x000001ba981f6285 sp=0x000000a0b34fdd10
Event: 5646.455 Thread 0x000001baeb0ff550 DEOPT UNPACKING pc=0x000001ba97ca4e42 sp=0x000000a0b34fd290 mode 3
Event: 5679.973 Thread 0x000001baeb0ff550 DEOPT PACKING pc=0x000001ba9836e3fc sp=0x000000a0b34fab80
Event: 5679.973 Thread 0x000001baeb0ff550 DEOPT UNPACKING pc=0x000001ba97ca4e42 sp=0x000000a0b34fa270 mode 0
Event: 5679.981 Thread 0x000001baeb0ff550 DEOPT PACKING pc=0x000001ba9836f144 sp=0x000000a0b34fc5a0
Event: 5679.981 Thread 0x000001baeb0ff550 DEOPT UNPACKING pc=0x000001ba97ca4e42 sp=0x000000a0b34fbbb0 mode 0
Event: 5680.087 Thread 0x000001baeb0ff550 DEOPT PACKING pc=0x000001ba9836f144 sp=0x000000a0b34fdd20
Event: 5680.087 Thread 0x000001baeb0ff550 DEOPT UNPACKING pc=0x000001ba97ca4e42 sp=0x000000a0b34fd358 mode 0

Classes loaded (20 events):
Event: 5644.190 Loading class java/util/concurrent/Executors$DelegatedExecutorService done
Event: 5644.190 Loading class java/util/concurrent/Executors$DelegatedScheduledExecutorService done
Event: 5644.203 Loading class java/util/concurrent/ConcurrentHashMap$EntrySpliterator
Event: 5644.203 Loading class java/util/concurrent/ConcurrentHashMap$EntrySpliterator done
Event: 5644.212 Loading class java/util/AbstractMap$2
Event: 5644.212 Loading class java/util/AbstractMap$2 done
Event: 5644.213 Loading class java/util/AbstractMap$2$1
Event: 5644.213 Loading class java/util/AbstractMap$2$1 done
Event: 5646.269 Loading class java/lang/ref/Finalizer$2
Event: 5646.269 Loading class java/lang/ref/Finalizer$2 done
Event: 5646.269 Loading class java/lang/ref/Finalizer$1
Event: 5646.269 Loading class java/lang/ref/Finalizer$1 done
Event: 5647.386 Loading class java/time/DurationEditor
Event: 5647.386 Loading class java/time/DurationEditor done
Event: 5679.556 Loading class java/util/Collections$SynchronizedRandomAccessList
Event: 5679.559 Loading class java/util/Collections$SynchronizedList
Event: 5679.559 Loading class java/util/Collections$SynchronizedList done
Event: 5679.559 Loading class java/util/Collections$SynchronizedRandomAccessList done
Event: 5692.587 Loading class java/lang/invoke/MethodHandleImpl$CountingWrapper$1
Event: 5692.597 Loading class java/lang/invoke/MethodHandleImpl$CountingWrapper$1 done

Classes unloaded (20 events):
Event: 5911.970 Thread 0x000001baa285a320 Unloading class 0x000001baa4009000 'java/lang/invoke/LambdaForm$MH+0x000001baa4009000'
Event: 5911.970 Thread 0x000001baa285a320 Unloading class 0x000001baa400b800 'java/lang/invoke/LambdaForm$MH+0x000001baa400b800'
Event: 5911.970 Thread 0x000001baa285a320 Unloading class 0x000001baa40c0000 'java/lang/invoke/LambdaForm$MH+0x000001baa40c0000'
Event: 5911.970 Thread 0x000001baa285a320 Unloading class 0x000001baa40c2000 'java/lang/invoke/LambdaForm$MH+0x000001baa40c2000'
Event: 5911.970 Thread 0x000001baa285a320 Unloading class 0x000001baa40c2800 'java/lang/invoke/LambdaForm$MH+0x000001baa40c2800'
Event: 5911.970 Thread 0x000001baa285a320 Unloading class 0x000001baa40c4800 'java/lang/invoke/LambdaForm$MH+0x000001baa40c4800'
Event: 5911.970 Thread 0x000001baa285a320 Unloading class 0x000001baa40c5800 'java/lang/invoke/LambdaForm$MH+0x000001baa40c5800'
Event: 5911.970 Thread 0x000001baa285a320 Unloading class 0x000001baa40d0800 'java/lang/invoke/LambdaForm$MH+0x000001baa40d0800'
Event: 5911.970 Thread 0x000001baa285a320 Unloading class 0x000001baa40d2000 'java/lang/invoke/LambdaForm$MH+0x000001baa40d2000'
Event: 5911.970 Thread 0x000001baa285a320 Unloading class 0x000001baa40d2800 'java/lang/invoke/LambdaForm$BMH+0x000001baa40d2800'
Event: 5911.970 Thread 0x000001baa285a320 Unloading class 0x000001baa40d8c00 'java/lang/invoke/LambdaForm$MH+0x000001baa40d8c00'
Event: 5911.970 Thread 0x000001baa285a320 Unloading class 0x000001baa4a09c00 'java/lang/invoke/LambdaForm$DMH+0x000001baa4a09c00'
Event: 5911.970 Thread 0x000001baa285a320 Unloading class 0x000001baa4a08400 'java/lang/invoke/LambdaForm$DMH+0x000001baa4a08400'
Event: 5911.970 Thread 0x000001baa285a320 Unloading class 0x000001baa4450c00 'java/lang/invoke/LambdaForm$MH+0x000001baa4450c00'
Event: 5911.970 Thread 0x000001baa285a320 Unloading class 0x000001baa4450400 'java/lang/invoke/LambdaForm$MH+0x000001baa4450400'
Event: 5911.970 Thread 0x000001baa285a320 Unloading class 0x000001baa4419400 'java/lang/invoke/LambdaForm$MH+0x000001baa4419400'
Event: 5911.970 Thread 0x000001baa285a320 Unloading class 0x000001baa43fe000 'java/lang/invoke/LambdaForm$MH+0x000001baa43fe000'
Event: 5911.970 Thread 0x000001baa285a320 Unloading class 0x000001baa43fcc00 'java/lang/invoke/LambdaForm$MH+0x000001baa43fcc00'
Event: 5911.970 Thread 0x000001baa285a320 Unloading class 0x000001baa42bc000 'java/lang/invoke/LambdaForm$MH+0x000001baa42bc000'
Event: 5911.970 Thread 0x000001baa285a320 Unloading class 0x000001baa4318800 'java/lang/invoke/LambdaForm$MH+0x000001baa4318800'

Classes redefined (0 events):
No events

Internal exceptions (20 events):
Event: 5730.317 Thread 0x000001baec5927e0 Exception <a 'java/io/IOException'{0x00000007089f1988}> (0x00000007089f1988) 
thrown [s\open\src\hotspot\share\prims\jni.cpp, line 520]
Event: 5730.317 Thread 0x000001baec5927e0 Exception <a 'java/io/IOException'{0x00000007089f1f50}> (0x00000007089f1f50) 
thrown [s\open\src\hotspot\share\prims\jni.cpp, line 520]
Event: 5730.323 Thread 0x000001baec5927e0 Exception <a 'java/io/IOException'{0x0000000708755c38}> (0x0000000708755c38) 
thrown [s\open\src\hotspot\share\prims\jni.cpp, line 520]
Event: 5730.323 Thread 0x000001baec5927e0 Exception <a 'java/io/IOException'{0x0000000708755f50}> (0x0000000708755f50) 
thrown [s\open\src\hotspot\share\prims\jni.cpp, line 520]
Event: 5730.325 Thread 0x000001baec5927e0 Exception <a 'java/io/IOException'{0x000000070876b4c0}> (0x000000070876b4c0) 
thrown [s\open\src\hotspot\share\prims\jni.cpp, line 520]
Event: 5730.325 Thread 0x000001baec5927e0 Exception <a 'java/io/IOException'{0x000000070876ba88}> (0x000000070876ba88) 
thrown [s\open\src\hotspot\share\prims\jni.cpp, line 520]
Event: 6002.955 Thread 0x000001baec593b90 Exception <a 'java/io/IOException'{0x00000007086854e0}> (0x00000007086854e0) 
thrown [s\open\src\hotspot\share\prims\jni.cpp, line 520]
Event: 6002.955 Thread 0x000001baec593b90 Exception <a 'java/io/IOException'{0x0000000708685aa8}> (0x0000000708685aa8) 
thrown [s\open\src\hotspot\share\prims\jni.cpp, line 520]
Event: 6002.958 Thread 0x000001baeb105130 Exception <a 'java/io/IOException'{0x0000000708690720}> (0x0000000708690720) 
thrown [s\open\src\hotspot\share\prims\jni.cpp, line 520]
Event: 6002.958 Thread 0x000001baeb105130 Exception <a 'java/io/IOException'{0x0000000708690ce8}> (0x0000000708690ce8) 
thrown [s\open\src\hotspot\share\prims\jni.cpp, line 520]
Event: 6002.970 Thread 0x000001baeb1057c0 Exception <a 'java/io/IOException'{0x00000007086a3018}> (0x00000007086a3018) 
thrown [s\open\src\hotspot\share\prims\jni.cpp, line 520]
Event: 6002.970 Thread 0x000001baeb1057c0 Exception <a 'java/io/IOException'{0x00000007086a3330}> (0x00000007086a3330) 
thrown [s\open\src\hotspot\share\prims\jni.cpp, line 520]
Event: 6002.974 Thread 0x000001baeb105130 Exception <a 'java/io/IOException'{0x00000007087b57a0}> (0x00000007087b57a0) 
thrown [s\open\src\hotspot\share\prims\jni.cpp, line 520]
Event: 6002.974 Thread 0x000001baeb105130 Exception <a 'java/io/IOException'{0x00000007087b5d68}> (0x00000007087b5d68) 
thrown [s\open\src\hotspot\share\prims\jni.cpp, line 520]
Event: 6002.974 Thread 0x000001baeb105130 Exception <a 'java/io/IOException'{0x00000007087c3ac8}> (0x00000007087c3ac8) 
thrown [s\open\src\hotspot\share\prims\jni.cpp, line 520]
Event: 6002.975 Thread 0x000001baeb105130 Exception <a 'java/io/IOException'{0x00000007087c4090}> (0x00000007087c4090) 
thrown [s\open\src\hotspot\share\prims\jni.cpp, line 520]
Event: 6003.169 Thread 0x000001baeb103d80 Exception <a 'sun/net/ConnectionResetException'{0x00000007087da420}: Connection reset> (0x00000007087da420) 
thrown [s\open\src\hotspot\share\prims\jni.cpp, line 539]
Event: 6004.944 Thread 0x000001baeb105130 Exception <a 'java/io/IOException'{0x00000007087cce80}> (0x00000007087cce80) 
thrown [s\open\src\hotspot\share\prims\jni.cpp, line 520]
Event: 6004.944 Thread 0x000001baeb105130 Exception <a 'java/io/IOException'{0x00000007087cd448}> (0x00000007087cd448) 
thrown [s\open\src\hotspot\share\prims\jni.cpp, line 520]
Event: 6004.950 Thread 0x000001baec590080 Exception <a 'java/lang/InterruptedException'{0x00000007087fbeb0}: sleep interrupted> (0x00000007087fbeb0) 
thrown [s\open\src\hotspot\share\prims\jvm.cpp, line 3074]

ZGC Phase Switch (0 events):
No events

VM Operations (20 events):
Event: 5724.595 Executing VM operation: Cleanup done
Event: 5726.595 Executing VM operation: Cleanup
Event: 5726.595 Executing VM operation: Cleanup done
Event: 5730.204 Executing VM operation: G1CollectForAllocation (G1 Evacuation Pause)
Event: 5730.208 Executing VM operation: G1CollectForAllocation (G1 Evacuation Pause) done
Event: 5731.208 Executing VM operation: Cleanup
Event: 5731.208 Executing VM operation: Cleanup done
Event: 5770.757 Executing VM operation: HandshakeAllThreads (HandshakeForDeflation)
Event: 5770.757 Executing VM operation: HandshakeAllThreads (HandshakeForDeflation) done
Event: 5770.757 Executing VM operation: RendezvousGCThreads
Event: 5770.757 Executing VM operation: RendezvousGCThreads done
Event: 5911.943 Executing VM operation: G1CollectForAllocation (G1 Evacuation Pause)
Event: 5911.946 Executing VM operation: G1CollectForAllocation (G1 Evacuation Pause) done
Event: 5911.969 Executing VM operation: G1PauseRemark
Event: 5911.984 Executing VM operation: G1PauseRemark done
Event: 5911.997 Executing VM operation: G1PauseCleanup
Event: 5911.997 Executing VM operation: G1PauseCleanup done
Event: 6003.071 Executing VM operation: Cleanup
Event: 6003.072 Executing VM operation: Cleanup done
Event: 6004.950 Executing VM operation: G1CollectFull (System.gc())

Events (20 events):
Event: 6002.969 Thread 0x000001baeb101cb0 Thread exited: 0x000001baeb101cb0
Event: 6002.970 Thread 0x000001baeb1057c0 Thread exited: 0x000001baeb1057c0
Event: 6002.970 Thread 0x000001baec597010 Thread exited: 0x000001baec597010
Event: 6002.970 Thread 0x000001baec594f40 Thread exited: 0x000001baec594f40
Event: 6002.970 Thread 0x000001baec591ac0 Thread exited: 0x000001baec591ac0
Event: 6002.970 Thread 0x000001baec595c60 Thread exited: 0x000001baec595c60
Event: 6002.970 Thread 0x000001baec5948b0 Thread exited: 0x000001baec5948b0
Event: 6002.970 Thread 0x000001baec596980 Thread exited: 0x000001baec596980
Event: 6002.970 Thread 0x000001baec5976a0 Thread exited: 0x000001baec5976a0
Event: 6002.970 Thread 0x000001baec590710 Thread exited: 0x000001baec590710
Event: 6002.970 Thread 0x000001baec594220 Thread exited: 0x000001baec594220
Event: 6002.970 Thread 0x000001baec5955d0 Thread exited: 0x000001baec5955d0
Event: 6002.970 Thread 0x000001baec5962f0 Thread exited: 0x000001baec5962f0
Event: 6002.971 Thread 0x000001baeb1036f0 Thread added: 0x000001baeb1036f0
Event: 6002.976 Thread 0x000001baeb103d80 Thread added: 0x000001baeb103d80
Event: 6002.976 Thread 0x000001baec592150 Thread exited: 0x000001baec592150
Event: 6004.944 Thread 0x000001baeb103d80 Thread exited: 0x000001baeb103d80
Event: 6004.950 Thread 0x000001baec590da0 Thread exited: 0x000001baec590da0
Event: 6004.950 Thread 0x000001baec590080 Thread exited: 0x000001baec590080
Event: 6004.950 Thread 0x000001baec593500 Thread exited: 0x000001baec593500


Dynamic libraries:
0x00007ff69c910000 - 0x00007ff69c920000 	C:\Program Files\Java\jdk-21\bin\java.exe
0x00007fffa7760000 - 0x00007fffa79c0000 	C:\WINDOWS\SYSTEM32\ntdll.dll
0x00007fffa6790000 - 0x00007fffa6857000 	C:\WINDOWS\System32\KERNEL32.DLL
0x00007fffa4e40000 - 0x00007fffa520a000 	C:\WINDOWS\System32\KERNELBASE.dll
0x00007fffa4af0000 - 0x00007fffa4c3b000 	C:\WINDOWS\System32\ucrtbase.dll
0x00007fff8f4c0000 - 0x00007fff8f4d9000 	C:\Program Files\Java\jdk-21\bin\jli.dll
0x00007fffa6a80000 - 0x00007fffa6b32000 	C:\WINDOWS\System32\ADVAPI32.dll
0x00007fffa6350000 - 0x00007fffa63f9000 	C:\WINDOWS\System32\msvcrt.dll
0x00007fffa75d0000 - 0x00007fffa7676000 	C:\WINDOWS\System32\sechost.dll
0x00007fffa6f30000 - 0x00007fffa7046000 	C:\WINDOWS\System32\RPCRT4.dll
0x00007fffa6b70000 - 0x00007fffa6d3c000 	C:\WINDOWS\System32\USER32.dll
0x00007fffa4940000 - 0x00007fffa4967000 	C:\WINDOWS\System32\win32u.dll
0x00007fffa5f80000 - 0x00007fffa5faa000 	C:\WINDOWS\System32\GDI32.dll
0x00007fffa52b0000 - 0x00007fffa53e1000 	C:\WINDOWS\System32\gdi32full.dll
0x00007fffa4c40000 - 0x00007fffa4ce3000 	C:\WINDOWS\System32\msvcp_win.dll
0x00007fff904f0000 - 0x00007fff9050b000 	C:\Program Files\Java\jdk-21\bin\VCRUNTIME140.dll
0x00007fff89540000 - 0x00007fff897d7000 	C:\WINDOWS\WinSxS\amd64_microsoft.windows.common-controls_6595b64144ccf1df_6.0.26100.3624_none_3e086962e3345f24\COMCTL32.dll
0x00007fff9bbf0000 - 0x00007fff9bbfb000 	C:\WINDOWS\SYSTEM32\VERSION.dll
0x00007fffa6290000 - 0x00007fffa62bf000 	C:\WINDOWS\System32\IMM32.DLL
0x00007fff8f990000 - 0x00007fff8f99c000 	C:\Program Files\Java\jdk-21\bin\vcruntime140_1.dll
0x00007fff68750000 - 0x00007fff687de000 	C:\Program Files\Java\jdk-21\bin\msvcp140.dll
0x00007fff7b180000 - 0x00007fff7be95000 	C:\Program Files\Java\jdk-21\bin\server\jvm.dll
0x00007fffa62d0000 - 0x00007fffa6344000 	C:\WINDOWS\System32\WS2_32.dll
0x00007fffa35d0000 - 0x00007fffa362e000 	C:\WINDOWS\SYSTEM32\POWRPROF.dll
0x00007fff97940000 - 0x00007fff97976000 	C:\WINDOWS\SYSTEM32\WINMM.dll
0x00007fffa35b0000 - 0x00007fffa35c4000 	C:\WINDOWS\SYSTEM32\UMPDC.dll
0x00007fffa3870000 - 0x00007fffa388a000 	C:\WINDOWS\SYSTEM32\kernel.appcore.dll
0x00007fff7f910000 - 0x00007fff7f91a000 	C:\Program Files\Java\jdk-21\bin\jimage.dll
0x00007fffa1210000 - 0x00007fffa1451000 	C:\WINDOWS\SYSTEM32\DBGHELP.DLL
0x00007fffa6400000 - 0x00007fffa6782000 	C:\WINDOWS\System32\combase.dll
0x00007fffa5ea0000 - 0x00007fffa5f76000 	C:\WINDOWS\System32\OLEAUT32.dll
0x00007fffa0f40000 - 0x00007fffa0f79000 	C:\WINDOWS\SYSTEM32\dbgcore.DLL
0x00007fffa5210000 - 0x00007fffa52a9000 	C:\WINDOWS\System32\bcryptPrimitives.dll
0x00007fff8c520000 - 0x00007fff8c52f000 	C:\Program Files\Java\jdk-21\bin\instrument.dll
0x00007fff7f860000 - 0x00007fff7f87f000 	C:\Program Files\Java\jdk-21\bin\java.dll
0x00007fffa5560000 - 0x00007fffa5c89000 	C:\WINDOWS\System32\SHELL32.dll
0x00007fffa53f0000 - 0x00007fffa5558000 	C:\WINDOWS\System32\wintypes.dll
0x00007fffa2640000 - 0x00007fffa2e92000 	C:\WINDOWS\SYSTEM32\windows.storage.dll
0x00007fffa74e0000 - 0x00007fffa75cd000 	C:\WINDOWS\System32\SHCORE.dll
0x00007fffa6070000 - 0x00007fffa60d4000 	C:\WINDOWS\System32\shlwapi.dll
0x00007fffa4850000 - 0x00007fffa487f000 	C:\WINDOWS\SYSTEM32\profapi.dll
0x00007fff729f0000 - 0x00007fff72a08000 	C:\Program Files\Java\jdk-21\bin\zip.dll
0x00007fff7c650000 - 0x00007fff7c660000 	C:\Program Files\Java\jdk-21\bin\net.dll
0x00007fff9d860000 - 0x00007fff9d97d000 	C:\WINDOWS\SYSTEM32\WINHTTP.dll
0x00007fffa3d90000 - 0x00007fffa3dfa000 	C:\WINDOWS\system32\mswsock.dll
0x00007fff794f0000 - 0x00007fff79506000 	C:\Program Files\Java\jdk-21\bin\nio.dll
0x00007fff72a10000 - 0x00007fff72a2a000 	C:\Program Files\JetBrains\IntelliJ IDEA 2024.2.3\bin\breakgen64.dll
0x00007fffa3300000 - 0x00007fffa3425000 	C:\WINDOWS\SYSTEM32\DNSAPI.dll
0x00007fffa3260000 - 0x00007fffa3293000 	C:\WINDOWS\SYSTEM32\IPHLPAPI.DLL
0x00007fffa5e70000 - 0x00007fffa5e7a000 	C:\WINDOWS\System32\NSI.dll
0x00007fff71160000 - 0x00007fff71167000 	C:\Program Files\Java\jdk-21\bin\extnet.dll
0x00007fff9bc60000 - 0x00007fff9bc6b000 	C:\Windows\System32\rasadhlp.dll
0x00007fff9dc20000 - 0x00007fff9dca5000 	C:\WINDOWS\System32\fwpuclnt.dll
0x00007fff78c50000 - 0x00007fff78c5a000 	C:\Program Files\Java\jdk-21\bin\management.dll
0x00007fff71070000 - 0x00007fff7107b000 	C:\Program Files\Java\jdk-21\bin\management_ext.dll
0x00007fffa7700000 - 0x00007fffa7708000 	C:\WINDOWS\System32\PSAPI.DLL
0x00007fffa4030000 - 0x00007fffa404c000 	C:\WINDOWS\SYSTEM32\CRYPTSP.dll
0x00007fffa37d0000 - 0x00007fffa380a000 	C:\WINDOWS\system32\rsaenh.dll
0x00007fffa3e30000 - 0x00007fffa3e5b000 	C:\WINDOWS\SYSTEM32\USERENV.dll
0x00007fffa4820000 - 0x00007fffa4846000 	C:\WINDOWS\SYSTEM32\bcrypt.dll
0x00007fffa4050000 - 0x00007fffa405c000 	C:\WINDOWS\SYSTEM32\CRYPTBASE.dll
0x00007fff78e50000 - 0x00007fff78e68000 	C:\WINDOWS\system32\napinsp.dll
0x00007fff78e30000 - 0x00007fff78e42000 	C:\WINDOWS\System32\winrnr.dll
0x00007fff78df0000 - 0x00007fff78e20000 	C:\WINDOWS\system32\nlansp_c.dll
0x00007fff9b660000 - 0x00007fff9b676000 	C:\WINDOWS\system32\wshbth.dll
0x00007fff89310000 - 0x00007fff8935e000 	C:\WINDOWS\SYSTEM32\pdh.dll
0x00007fff7f920000 - 0x00007fff7f932000 	C:\WINDOWS\System32\perfproc.dll
0x00007fff8ace0000 - 0x00007fff8acee000 	C:\Program Files\Java\jdk-21\bin\sunmscapi.dll
0x00007fffa4970000 - 0x00007fffa4ae7000 	C:\WINDOWS\System32\CRYPT32.dll
0x00007fffa4230000 - 0x00007fffa4260000 	C:\WINDOWS\SYSTEM32\ncrypt.dll
0x00007fffa41e0000 - 0x00007fffa421f000 	C:\WINDOWS\SYSTEM32\NTASN1.dll
0x00007fff86910000 - 0x00007fff86920000 	C:\Program Files\Java\jdk-21\bin\verify.dll
0x00007fff68e70000 - 0x00007fff68e78000 	C:\WINDOWS\system32\wshunix.dll

dbghelp: loaded successfully - version: 4.0.5 - missing functions: none
symbol engine: initialized successfully - sym options: 0x614 - pdb path: .;C:\Program Files\Java\jdk-21\bin;C:\WINDOWS\SYSTEM32;C:\WINDOWS\WinSxS\amd64_microsoft.windows.common-controls_6595b64144ccf1df_6.0.26100.3624_none_3e086962e3345f24;C:\Program Files\Java\jdk-21\bin\server;C:\Program Files\JetBrains\IntelliJ IDEA 2024.2.3\bin

VM Arguments:
jvm_args: -XX:TieredStopAtLevel=1 -Dspring.output.ansi.enabled=always -Dcom.sun.management.jmxremote -Dspring.jmx.enabled=true -Dspring.liveBeansView.mbeanDomain -Dspring.application.admin.enabled=true -Dmanagement.endpoints.jmx.exposure.include=* -javaagent:C:\Program Files\JetBrains\IntelliJ IDEA 2024.2.3\lib\idea_rt.jar=52972:C:\Program Files\JetBrains\IntelliJ IDEA 2024.2.3\bin -Dfile.encoding=UTF-8 -Dsun.stdout.encoding=UTF-8 -Dsun.stderr.encoding=UTF-8 
java_command: org.gp.civiceye.CiviceyeApplication
java_class_path (initial): Y:\my_projects\IntelliJ_project\civiceye\target\classes;C:\Users\yh577\.m2\repository\org\springframework\boot\spring-boot-starter-data-jpa\3.4.2\spring-boot-starter-data-jpa-3.4.2.jar;C:\Users\yh577\.m2\repository\org\springframework\boot\spring-boot-starter\3.4.2\spring-boot-starter-3.4.2.jar;C:\Users\yh577\.m2\repository\org\springframework\boot\spring-boot-starter-logging\3.4.2\spring-boot-starter-logging-3.4.2.jar;C:\Users\yh577\.m2\repository\ch\qos\logback\logback-classic\1.5.16\logback-classic-1.5.16.jar;C:\Users\yh577\.m2\repository\ch\qos\logback\logback-core\1.5.16\logback-core-1.5.16.jar;C:\Users\yh577\.m2\repository\org\apache\logging\log4j\log4j-to-slf4j\2.24.3\log4j-to-slf4j-2.24.3.jar;C:\Users\yh577\.m2\repository\org\apache\logging\log4j\log4j-api\2.24.3\log4j-api-2.24.3.jar;C:\Users\yh577\.m2\repository\org\slf4j\jul-to-slf4j\2.0.16\jul-to-slf4j-2.0.16.jar;C:\Users\yh577\.m2\repository\jakarta\annotation\jakarta.annotation-api\2.1.1\jakarta.annotation-api-2.1.1.jar;C:\Users\yh577\.m2\repository\org\yaml\snakeyaml\2.3\snakeyaml-2.3.jar;C:\Users\yh577\.m2\repository\org\hibernate\orm\hibernate-core\6.6.5.Final\hibernate-core-6.6.5.Final.jar;C:\Users\yh577\.m2\repository\jakarta\persistence\jakarta.persistence-api\3.1.0\jakarta.persistence-api-3.1.0.jar;C:\Users\yh577\.m2\repository\jakarta\transaction\jakarta.transaction-api\2.0.1\jakarta.transaction-api-2.0.1.jar;C:\Users\yh577\.m2\repository\org\jboss\logging\jboss-logging\3.6.1.Final\jboss-logging-3.6.1.Final.jar;C:\Users\yh577\.m2\repository\org\hibernate\common\hibernate-commons-annotations\7.0.3.Final\hibernate-commons-annotations-7.0.3.Final.jar;C:\Users\yh577\.m2\repository\io\smallrye\jandex\3.2.0\jandex-3.2.0.jar;C:\Users\yh577\.m2\repository\com\fasterxml\classmate\1.7.0\classmate-1.7.0.jar;C:\Users\yh577\.m2\repository\net\bytebuddy\byte-buddy\1.15.11\byte-buddy-1.15.11.jar;C:\Users\yh577\.m2\repository\org\glassfish\jaxb\jaxb-runtime\4.0.5\jaxb-runtime-4.0.5.jar;C:\Users\yh577\.m2\repository\org\glassfish\jaxb\jaxb-core\4.0.5\jaxb-core-4.0.5.jar;C:\Users\yh577\.m2\repository\org\eclipse\angus\angus-activation\2.0.2\angus-activation-2.0.2.jar;C:\Users\yh577\.m2\repository\org\glassfish\jaxb\txw2\4.0.5\txw2-4.0.5.jar;C:\Users\yh577\.m2\repository\com\sun\istack\istack-commons-runtime\4.1.2\istack-commons-runtime-4.1.2.jar;C:\Users\yh577\.m2\repository\jakarta\inject\jakarta.inject-api\2.0.1\jakarta.inject-api-2.0.1.jar;C:\Users\yh577\.m2\repository\org\antlr\antlr4-runtime\4.13.0\antlr4-runtime-4.13.0.jar;C:\Users\yh577\.m2\repository\org\springframework\data\spring-data-jpa\3.4.2\spring-data-jpa-3.4.2.jar;C:\Users\yh577\.m2\repository\org\springframework\data\spring-data-commons\3.4.2\spring-data-commons-3.4.2.jar;C:\Users\yh577\.m2\repository\org\springframework\spring-orm\6.2.2\spring-orm-6.2.2.jar;C:\Users\yh577\.m2\repository\org\springframework\spring-context\6.2.2\spring-context-6.2.2.jar;C:\Users\yh577\.m2\repository\org\springframework\spring-tx\6.2.2\spring-tx-6.2.2.jar;C:\Users\yh577\.m2\repository\org\springframework\spring-beans\6.2.2\spring-beans-6.2.2.jar;C:\Users\yh577\.m2\repository\org\slf4j\slf4j-api\2.0.16\slf4j-api-2.0.16.jar;C:\Users\yh577\.m2\repository\org\springframework\spring-aspects\6.2.2\spring-aspects-6.2.2.jar;C:\Users\yh577\.m2\repository\org\aspectj\aspectjweaver\1.9.22.1\aspectjweaver-1.9.22.1.jar;C:\Users\yh577\.m2\repository\org\springframework\boot\spring-boot-starter-jdbc\3.4.2\spring-boot-starter-jdbc-3.4.2.jar;C:\Users\yh577\.m2\repository\com\zaxxer\HikariCP\5.1.0\HikariCP-5.1.0.jar;C:\Users\yh577\.m2\repository\org\springframework\spring-jdbc\6.2.2\spring-jdbc-6.2.2.jar;C:\Users\yh577\.m2\repository\org\springframework\boot\spring-boot-starter-security\3.4.2\spring-boot-starter-security-3.4.2.jar;C:\Users\yh577\.m2\repository\org\springframework\spring-aop\6.2.2\spring-aop-6.2.2.jar;C:\Users\yh577\.m2\repository\org\springframework\security\spring-security-config\6.4.2\spring-security-config-6.4.2.jar;C:\Users\yh577\.m2\repository\org\springframework\security\spring-security-web\6.4.2\spring-security-web-6.4.2.jar;C:\Users\yh577\.m2\repository\org\springframework\spring-expression\6.2.2\spring-expression-6.2.2.jar;C:\Users\yh577\.m2\repository\com\github\javafaker\javafaker\1.0.2\javafaker-1.0.2.jar;C:\Users\yh577\.m2\repository\org\apache\commons\commons-lang3\3.17.0\commons-lang3-3.17.0.jar;C:\Users\yh577\.m2\repository\org\yaml\snakeyaml\1.23\snakeyaml-1.23-android.jar;C:\Users\yh577\.m2\repository\com\github\mifmif\generex\1.0.2\generex-1.0.2.jar;C:\Users\yh577\.m2\repository\dk\brics\automaton\automaton\1.11-8\automaton-1.11-8.jar;C:\Users\yh577\.m2\repository\org\springdoc\springdoc-openapi-starter-webmvc-ui\2.3.0\springdoc-openapi-starter-webmvc-ui-2.3.0.jar;C:\Users\yh577\.m2\repository\org\springdoc\springdoc-openapi-starter-webmvc-api\2.3.0\springdoc-openapi-starter-webmvc-api-2.3.0.jar;C:\Users\yh577\.m2\repository\org\springdoc\springdoc-openapi-starter-common\2.3.0\springdoc-openapi-starter-common-2.3.0.jar;C:\Users\yh577\.m2\repository\io\swagger\core\v3\swagger-core-jakarta\2.2.19\swagger-core-jakarta-2.2.19.jar;C:\Users\yh577\.m2\repository\io\swagger\core\v3\swagger-annotations-jakarta\2.2.19\swagger-annotations-jakarta-2.2.19.jar;C:\Users\yh577\.m2\repository\io\swagger\core\v3\swagger-models-jakarta\2.2.19\swagger-models-jakarta-2.2.19.jar;C:\Users\yh577\.m2\repository\jakarta\validation\jakarta.validation-api\3.0.2\jakarta.validation-api-3.0.2.jar;C:\Users\yh577\.m2\repository\com\fasterxml\jackson\dataformat\jackson-dataformat-yaml\2.18.2\jackson-dataformat-yaml-2.18.2.jar;C:\Users\yh577\.m2\repository\org\webjars\swagger-ui\5.10.3\swagger-ui-5.10.3.jar;C:\Users\yh577\.m2\repository\org\springframework\boot\spring-boot-starter-web\3.4.2\spring-boot-starter-web-3.4.2.jar;C:\Users\yh577\.m2\repository\org\springframework\boot\spring-boot-starter-json\3.4.2\spring-boot-starter-json-3.4.2.jar;C:\Users\yh577\.m2\repository\com\fasterxml\jackson\datatype\jackson-datatype-jdk8\2.18.2\jackson-datatype-jdk8-2.18.2.jar;C:\Users\yh577\.m2\repository\com\fasterxml\jackson\datatype\jackson-datatype-jsr310\2.18.2\jackson-datatype-jsr310-2.18.2.jar;C:\Users\yh577\.m2\repository\com\fasterxml\jackson\module\jackson-module-parameter-names\2.18.2\jackson-module-parameter-names-2.18.2.jar;C:\Users\yh577\.m2\repository\org\springframework\boot\spring-boot-starter-tomcat\3.4.2\spring-boot-starter-tomcat-3.4.2.jar;C:\Users\yh577\.m2\repository\org\apache\tomcat\embed\tomcat-embed-core\10.1.34\tomcat-embed-core-10.1.34.jar;C:\Users\yh577\.m2\repository\org\apache\tomcat\embed\tomcat-embed-el\10.1.34\tomcat-embed-el-10.1.34.jar;C:\Users\yh577\.m2\repository\org\apache\tomcat\embed\tomcat-embed-websocket\10.1.34\tomcat-embed-websocket-10.1.34.jar;C:\Users\yh577\.m2\repository\org\springframework\spring-web\6.2.2\spring-web-6.2.2.jar;C:\Users\yh577\.m2\repository\io\micrometer\micrometer-observation\1.14.3\micrometer-observation-1.14.3.jar;C:\Users\yh577\.m2\repository\io\micrometer\micrometer-commons\1.14.3\micrometer-commons-1.14.3.jar;C:\Users\yh577\.m2\repository\org\springframework\spring-webmvc\6.2.2\spring-webmvc-6.2.2.jar;C:\Users\yh577\.m2\repository\org\springframework\boot\spring-boot-devtools\3.4.2\spring-boot-devtools-3.4.2.jar;C:\Users\yh577\.m2\repository\org\springframework\boot\spring-boot\3.4.2\spring-boot-3.4.2.jar;C:\Users\yh577\.m2\repository\org\springframework\boot\spring-boot-autoconfigure\3.4.2\spring-boot-autoconfigure-3.4.2.jar;C:\Users\yh577\.m2\repository\org\postgresql\postgresql\42.7.5\postgresql-42.7.5.jar;C:\Users\yh577\.m2\repository\org\checkerframework\checker-qual\3.48.3\checker-qual-3.48.3.jar;C:\Users\yh577\.m2\repository\org\projectlombok\lombok\1.18.36\lombok-1.18.36.jar;C:\Users\yh577\.m2\repository\io\jsonwebtoken\jjwt-api\0.12.5\jjwt-api-0.12.5.jar;C:\Users\yh577\.m2\repository\io\jsonwebtoken\jjwt-impl\0.12.5\jjwt-impl-0.12.5.jar;C:\Users\yh577\.m2\repository\io\jsonwebtoken\jjwt-jackson\0.12.5\jjwt-jackson-0.12.5.jar;C:\Users\yh577\.m2\repository\com\fasterxml\jackson\core\jackson-databind\2.18.2\jackson-databind-2.18.2.jar;C:\Users\yh577\.m2\repository\com\fasterxml\jackson\core\jackson-annotations\2.18.2\jackson-annotations-2.18.2.jar;C:\Users\yh577\.m2\repository\com\fasterxml\jackson\core\jackson-core\2.18.2\jackson-core-2.18.2.jar;C:\Users\yh577\.m2\repository\jakarta\xml\bind\jakarta.xml.bind-api\4.0.2\jakarta.xml.bind-api-4.0.2.jar;C:\Users\yh577\.m2\repository\jakarta\activation\jakarta.activation-api\2.1.3\jakarta.activation-api-2.1.3.jar;C:\Users\yh577\.m2\repository\org\springframework\spring-core\6.2.2\spring-core-6.2.2.jar;C:\Users\yh577\.m2\repository\org\springframework\spring-jcl\6.2.2\spring-jcl-6.2.2.jar;C:\Users\yh577\.m2\repository\org\springframework\security\spring-security-core\6.4.2\spring-security-core-6.4.2.jar;C:\Users\yh577\.m2\repository\org\springframework\security\spring-security-crypto\6.4.2\spring-security-crypto-6.4.2.jar;C:\Users\yh577\.m2\repository\org\springframework\boot\spring-boot-starter-webflux\3.4.2\spring-boot-starter-webflux-3.4.2.jar;C:\Users\yh577\.m2\repository\org\springframework\boot\spring-boot-starter-reactor-netty\3.4.2\spring-boot-starter-reactor-netty-3.4.2.jar;C:\Users\yh577\.m2\repository\io\projectreactor\netty\reactor-netty-http\1.2.2\reactor-netty-http-1.2.2.jar;C:\Users\yh577\.m2\repository\io\netty\netty-codec-http\4.1.117.Final\netty-codec-http-4.1.117.Final.jar;C:\Users\yh577\.m2\repository\io\netty\netty-common\4.1.117.Final\netty-common-4.1.117.Final.jar;C:\Users\yh577\.m2\repository\io\netty\netty-buffer\4.1.117.Final\netty-buffer-4.1.117.Final.jar;C:\Users\yh577\.m2\repository\io\netty\netty-transport\4.1.117.Final\netty-transport-4.1.117.Final.jar;C:\Users\yh577\.m2\repository\io\netty\netty-codec\4.1.117.Final\netty-codec-4.1.117.Final.jar;C:\Users\yh577\.m2\repository\io\netty\netty-handler\4.1.117.Final\netty-handler-4.1.117.Final.jar;C:\Users\yh577\.m2\repository\io\netty\netty-codec-http2\4.1.117.Final\netty-codec-http2-4.1.117.Final.jar;C:\Users\yh577\.m2\repository\io\netty\netty-resolver-dns\4.1.117.Final\netty-resolver-dns-4.1.117.Final.jar;C:\Users\yh577\.m2\repository\io\netty\netty-resolver\4.1.117.Final\netty-resolver-4.1.117.Final.jar;C:\Users\yh577\.m2\repository\io\netty\netty-codec-dns\4.1.117.Final\netty-codec-dns-4.1.117.Final.jar;C:\Users\yh577\.m2\repository\io\netty\netty-resolver-dns-native-macos\4.1.117.Final\netty-resolver-dns-native-macos-4.1.117.Final-osx-x86_64.jar;C:\Users\yh577\.m2\repository\io\netty\netty-resolver-dns-classes-macos\4.1.117.Final\netty-resolver-dns-classes-macos-4.1.117.Final.jar;C:\Users\yh577\.m2\repository\io\netty\netty-transport-native-epoll\4.1.117.Final\netty-transport-native-epoll-4.1.117.Final-linux-x86_64.jar;C:\Users\yh577\.m2\repository\io\netty\netty-transport-native-unix-common\4.1.117.Final\netty-transport-native-unix-common-4.1.117.Final.jar;C:\Users\yh577\.m2\repository\io\netty\netty-transport-classes-epoll\4.1.117.Final\netty-transport-classes-epoll-4.1.117.Final.jar;C:\Users\yh577\.m2\repository\io\projectreactor\netty\reactor-netty-core\1.2.2\reactor-netty-core-1.2.2.jar;C:\Users\yh577\.m2\repository\io\netty\netty-handler-proxy\4.1.117.Final\netty-handler-proxy-4.1.117.Final.jar;C:\Users\yh577\.m2\repository\io\netty\netty-codec-socks\4.1.117.Final\netty-codec-socks-4.1.117.Final.jar;C:\Users\yh577\.m2\repository\org\springframework\spring-webflux\6.2.2\spring-webflux-6.2.2.jar;C:\Users\yh577\.m2\repository\io\projectreactor\reactor-core\3.7.2\reactor-core-3.7.2.jar;C:\Users\yh577\.m2\repository\org\reactivestreams\reactive-streams\1.0.4\reactive-streams-1.0.4.jar
Launcher Type: SUN_STANDARD

[Global flags]
     intx CICompilerCount                          = 4                                         {product} {ergonomic}
     uint ConcGCThreads                            = 2                                         {product} {ergonomic}
     uint G1ConcRefinementThreads                  = 8                                         {product} {ergonomic}
   size_t G1HeapRegionSize                         = 2097152                                   {product} {ergonomic}
    uintx GCDrainStackTargetSize                   = 64                                        {product} {ergonomic}
   size_t InitialHeapSize                          = 266338304                                 {product} {ergonomic}
     bool ManagementServer                         = true                                      {product} {command line}
   size_t MarkStackSize                            = 4194304                                   {product} {ergonomic}
   size_t MaxHeapSize                              = 4234149888                                {product} {ergonomic}
   size_t MaxNewSize                               = 2539651072                                {product} {ergonomic}
   size_t MinHeapDeltaBytes                        = 2097152                                   {product} {ergonomic}
   size_t MinHeapSize                              = 8388608                                   {product} {ergonomic}
    uintx NonNMethodCodeHeapSize                   = 4096                                   {pd product} {ergonomic}
    uintx NonProfiledCodeHeapSize                  = 0                                      {pd product} {ergonomic}
     bool ProfileInterpreter                       = false                                  {pd product} {command line}
    uintx ProfiledCodeHeapSize                     = 0                                      {pd product} {ergonomic}
   size_t SoftMaxHeapSize                          = 4234149888                             {manageable} {ergonomic}
     intx TieredStopAtLevel                        = 1                                         {product} {command line}
     bool UseCompressedOops                        = true                           {product lp64_product} {ergonomic}
     bool UseG1GC                                  = true                                      {product} {ergonomic}
     bool UseLargePagesIndividualAllocation        = false                                  {pd product} {ergonomic}

Logging:
Log output configuration:
 #0: stdout all=warning uptime,level,tags foldmultilines=false
 #1: stderr all=off uptime,level,tags foldmultilines=false

Environment Variables:
JAVA_HOME=C:\Program Files\Java\jdk-21
PATH=C:\oraclexe\app\oracle\product\11.2.0\server\bin;C:\Python312\Scripts\;C:\Python312\;C:\Program Files\Java\jdk-21\bin;C:\ProgramData\Oracle\Java\javapath;C:\Program Files\Common Files\Oracle\Java\javapath;C:\Windows\system32;C:\Windows;C:\Windows\System32\Wbem;C:\Windows\System32\WindowsPowerShell\v1.0\;C:\Windows\System32\OpenSSH\;C:\Program Files\dotnet\;C:\Program Files (x86)\NVIDIA Corporation\PhysX\Common;C:\Program Files\NVIDIA Corporation\NVIDIA App\NvDLISR;C:\Program Files\Docker\Docker\resources\bin;C:\Program Files\nodejs\;C:\ProgramData\chocolatey\bin;C:\WINDOWS\system32;C:\WINDOWS;C:\WINDOWS\System32\Wbem;C:\WINDOWS\System32\WindowsPowerShell\v1.0\;C:\WINDOWS\System32\OpenSSH\;C:\Program Files\Git\cmd;C:\Program Files\PowerShell\7-preview\preview;C:\Program Files\PuTTY\;C:\Users\yh577\AppData\Local\Microsoft\WindowsApps;C:\Users\yh577\AppData\Local\Programs\Microsoft VS Code\bin;C:\Users\yh577\AppData\Local\GitHubDesktop\bin;C:\Program Files\JetBrains\IntelliJ IDEA Community Edition 2024.1.1\bin;C:\Program Files\JetBrains\IntelliJ IDEA 2024.2.3\bin;C:\Users\yh577\AppData\Roaming\npm;C:\flutter\flutter\bin;C:\Users\yh577\.lmstudio\bin;C:\Users\yh577\AppData\Local\JetBrains\Toolbox\scripts;
USERNAME=yh577
OS=Windows_NT
PROCESSOR_IDENTIFIER=Intel64 Family 6 Model 158 Stepping 10, GenuineIntel
TMP=C:\Users\yh577\AppData\Local\Temp
TEMP=C:\Users\yh577\AppData\Local\Temp




Periodic native trim disabled

---------------  S Y S T E M  ---------------

OS:
 Windows 11 , 64 bit Build 26100 (10.0.26100.3775)
OS uptime: 0 days 5:46 hours

CPU: total 8 (initial active 8) (4 cores per cpu, 2 threads per core) family 6 model 158 stepping 10 microcode 0xf8, cx8, cmov, fxsr, ht, mmx, 3dnowpref, sse, sse2, sse3, ssse3, sse4.1, sse4.2, popcnt, lzcnt, tsc, tscinvbit, avx, avx2, aes, erms, clmul, bmi1, bmi2, rtm, adx, fma, vzeroupper, clflush, clflushopt, rdtscp, f16c
Processor Information for all 8 processors :
  Max Mhz: 2496, Current Mhz: 2496, Mhz Limit: 2496

Memory: 4k page, system-wide physical 16144M (2157M free)
TotalPageFile size 20240M (AvailPageFile size 59M)
current process WorkingSet (physical memory assigned to process): 269M, peak: 278M
current process commit charge ("private bytes"): 331M, peak: 383M

vm_info: Java HotSpot(TM) 64-Bit Server VM (21.0.1+12-LTS-29) for windows-amd64 JRE (21.0.1+12-LTS-29), built on 2023-10-05T13:27:09Z by "mach5one" with MS VC++ 17.1 (VS2022)

END.
